<?xml version="1.0" encoding="UTF-8"?>
<testng-results skipped="0" failed="0" ignored="0" total="1" passed="1">
  <reporter-output>
  </reporter-output>
  <suite name="Default suite" duration-ms="11354" started-at="2018-03-26T07:28:07Z" finished-at="2018-03-26T07:28:19Z">
    <groups>
    </groups>
    <test name="Default test" duration-ms="11354" started-at="2018-03-26T07:28:07Z" finished-at="2018-03-26T07:28:19Z">
      <class name="testcaseLib.PlanYourTripTest">
        <test-method status="PASS" signature="beforemethod()[pri:0, instance:testcaseLib.PlanYourTripTest@cb51256]" name="beforemethod" is-config="true" duration-ms="4940" started-at="2018-03-26T07:28:08Z" finished-at="2018-03-26T07:28:12Z">
          <reporter-output>
          </reporter-output>
        </test-method> <!-- beforemethod -->
        <test-method status="PASS" signature="planYourTripMethod()[pri:0, instance:testcaseLib.PlanYourTripTest@cb51256]" name="planYourTripMethod" duration-ms="4983" started-at="2018-03-26T07:28:12Z" finished-at="2018-03-26T07:28:17Z">
          <reporter-output>
          </reporter-output>
        </test-method> <!-- planYourTripMethod -->
        <test-method status="PASS" signature="afterMethod()[pri:0, instance:testcaseLib.PlanYourTripTest@cb51256]" name="afterMethod" is-config="true" duration-ms="1399" started-at="2018-03-26T07:28:17Z" finished-at="2018-03-26T07:28:19Z">
          <reporter-output>
          </reporter-output>
        </test-method> <!-- afterMethod -->
      </class> <!-- testcaseLib.PlanYourTripTest -->
    </test> <!-- Default test -->
  </suite> <!-- Default suite -->
</testng-results>
